<?xml version="1.0" encoding="UTF-8"?>
<!-- Generated by org.testng.reporters.JUnitReportReporter -->
<testsuite skipped="0" hostname="LAPTOP-BG6T89RM" name="com.as.test.DemoA" tests="2" failures="0" timestamp="20 Sep 2020 15:50:41 GMT" time="73.303" errors="0">
  <testcase name="testSearchBox" time="24.530" classname="com.as.test.DemoA"/>
  <testcase name="testBrowser" time="48.773" classname="com.as.test.DemoA"/>
</testsuite> <!-- com.as.test.DemoA -->
